kotlin version: 2.0.21
error message: org.jetbrains.kotlin.backend.common.BackendException: Backend Internal error: Exception during IR lowering
File being compiled: C:/Users/olive/AndroidStudioProjects/skafold/app/src/main/java/io/oliverj/skafold/data/AutonData.kt
The root cause java.lang.RuntimeException was thrown at: org.jetbrains.kotlin.backend.jvm.codegen.FunctionCodegen.generate(FunctionCodegen.kt:47)
	at org.jetbrains.kotlin.backend.common.CodegenUtil.reportBackendException(CodegenUtil.kt:253)
	at org.jetbrains.kotlin.backend.common.CodegenUtil.reportBackendException$default(CodegenUtil.kt:236)
	at org.jetbrains.kotlin.backend.common.phaser.PerformByIrFilePhase.invokeSequential(performByIrFile.kt:65)
	at org.jetbrains.kotlin.backend.common.phaser.PerformByIrFilePhase.invoke(performByIrFile.kt:52)
	at org.jetbrains.kotlin.backend.common.phaser.PerformByIrFilePhase.invoke(performByIrFile.kt:38)
	at org.jetbrains.kotlin.backend.common.phaser.NamedCompilerPhase.phaseBody(CompilerPhase.kt:166)
	at org.jetbrains.kotlin.backend.common.phaser.AbstractNamedCompilerPhase.invoke(CompilerPhase.kt:113)
	at org.jetbrains.kotlin.backend.common.phaser.CompositePhase.invoke(PhaseBuilders.kt:27)
	at org.jetbrains.kotlin.backend.common.phaser.CompositePhase.invoke(PhaseBuilders.kt:14)
	at org.jetbrains.kotlin.backend.common.phaser.NamedCompilerPhase.phaseBody(CompilerPhase.kt:166)
	at org.jetbrains.kotlin.backend.common.phaser.AbstractNamedCompilerPhase.invoke(CompilerPhase.kt:113)
	at org.jetbrains.kotlin.backend.common.phaser.CompilerPhaseKt.invokeToplevel(CompilerPhase.kt:62)
	at org.jetbrains.kotlin.backend.jvm.JvmIrCodegenFactory.invokeCodegen(JvmIrCodegenFactory.kt:371)
	at org.jetbrains.kotlin.codegen.CodegenFactory.generateModule(CodegenFactory.kt:47)
	at org.jetbrains.kotlin.backend.jvm.JvmIrCodegenFactory.generateModuleInFrontendIRMode(JvmIrCodegenFactory.kt:433)
	at org.jetbrains.kotlin.cli.jvm.compiler.pipeline.JvmCompilerPipelineKt.generateCodeFromIr(jvmCompilerPipeline.kt:246)
	at org.jetbrains.kotlin.cli.jvm.compiler.pipeline.JvmCompilerPipelineKt.compileModulesUsingFrontendIrAndLightTree(jvmCompilerPipeline.kt:142)
	at org.jetbrains.kotlin.cli.jvm.K2JVMCompiler.doExecute(K2JVMCompiler.kt:148)
	at org.jetbrains.kotlin.cli.jvm.K2JVMCompiler.doExecute(K2JVMCompiler.kt:43)
	at org.jetbrains.kotlin.cli.common.CLICompiler.execImpl(CLICompiler.kt:103)
	at org.jetbrains.kotlin.cli.common.CLICompiler.execImpl(CLICompiler.kt:49)
	at org.jetbrains.kotlin.cli.common.CLITool.exec(CLITool.kt:101)
	at org.jetbrains.kotlin.incremental.IncrementalJvmCompilerRunner.runCompiler(IncrementalJvmCompilerRunner.kt:464)
	at org.jetbrains.kotlin.incremental.IncrementalJvmCompilerRunner.runCompiler(IncrementalJvmCompilerRunner.kt:73)
	at org.jetbrains.kotlin.incremental.IncrementalCompilerRunner.doCompile(IncrementalCompilerRunner.kt:506)
	at org.jetbrains.kotlin.incremental.IncrementalCompilerRunner.compileImpl(IncrementalCompilerRunner.kt:423)
	at org.jetbrains.kotlin.incremental.IncrementalCompilerRunner.tryCompileIncrementally$lambda$9$compile(IncrementalCompilerRunner.kt:249)
	at org.jetbrains.kotlin.incremental.IncrementalCompilerRunner.tryCompileIncrementally(IncrementalCompilerRunner.kt:267)
	at org.jetbrains.kotlin.incremental.IncrementalCompilerRunner.compile(IncrementalCompilerRunner.kt:120)
	at org.jetbrains.kotlin.daemon.CompileServiceImplBase.execIncrementalCompiler(CompileServiceImpl.kt:675)
	at org.jetbrains.kotlin.daemon.CompileServiceImplBase.access$execIncrementalCompiler(CompileServiceImpl.kt:92)
	at org.jetbrains.kotlin.daemon.CompileServiceImpl.compile(CompileServiceImpl.kt:1660)
	at java.base/jdk.internal.reflect.DirectMethodHandleAccessor.invoke(DirectMethodHandleAccessor.java:103)
	at java.base/java.lang.reflect.Method.invoke(Method.java:580)
	at java.rmi/sun.rmi.server.UnicastServerRef.dispatch(UnicastServerRef.java:360)
	at java.rmi/sun.rmi.transport.Transport$1.run(Transport.java:200)
	at java.rmi/sun.rmi.transport.Transport$1.run(Transport.java:197)
	at java.base/java.security.AccessController.doPrivileged(AccessController.java:714)
	at java.rmi/sun.rmi.transport.Transport.serviceCall(Transport.java:196)
	at java.rmi/sun.rmi.transport.tcp.TCPTransport.handleMessages(TCPTransport.java:598)
	at java.rmi/sun.rmi.transport.tcp.TCPTransport$ConnectionHandler.run0(TCPTransport.java:844)
	at java.rmi/sun.rmi.transport.tcp.TCPTransport$ConnectionHandler.lambda$run$0(TCPTransport.java:721)
	at java.base/java.security.AccessController.doPrivileged(AccessController.java:400)
	at java.rmi/sun.rmi.transport.tcp.TCPTransport$ConnectionHandler.run(TCPTransport.java:720)
	at java.base/java.util.concurrent.ThreadPoolExecutor.runWorker(ThreadPoolExecutor.java:1144)
	at java.base/java.util.concurrent.ThreadPoolExecutor$Worker.run(ThreadPoolExecutor.java:642)
	at java.base/java.lang.Thread.run(Thread.java:1583)
Caused by: java.lang.RuntimeException: Exception while generating code for:
CONSTRUCTOR KOTLINX_SERIALIZATION visibility:internal <> (seen0:kotlin.Int, name:kotlin.String?, points:kotlin.Int, serializationConstructorMarker:kotlinx.serialization.internal.SerializationConstructorMarker?) returnType:io.oliverj.skafold.data.AutonData
  VALUE_PARAMETER KOTLINX_SERIALIZATION name:seen0 index:0 type:kotlin.Int
  VALUE_PARAMETER KOTLINX_SERIALIZATION name:name index:1 type:kotlin.String?
  VALUE_PARAMETER KOTLINX_SERIALIZATION name:points index:2 type:kotlin.Int
  VALUE_PARAMETER KOTLINX_SERIALIZATION name:serializationConstructorMarker index:3 type:kotlinx.serialization.internal.SerializationConstructorMarker?
  BLOCK_BODY
    WHEN type=kotlin.Unit origin=null
      BRANCH
        if: CALL 'public final fun not (): kotlin.Boolean [operator] declared in kotlin.Boolean' type=kotlin.Boolean origin=EXCLEQ
          $this: CALL 'public final fun EQEQ (arg0: kotlin.Any?, arg1: kotlin.Any?): kotlin.Boolean declared in kotlin.internal.ir' type=kotlin.Boolean origin=EXCLEQ
            arg0: CONST Int type=kotlin.Int value=1
            arg1: CALL 'public final fun and (other: kotlin.Int): kotlin.Int [infix] declared in kotlin.Int' type=kotlin.Int origin=null
              $this: CONST Int type=kotlin.Int value=1
              other: GET_VAR 'seen0: kotlin.Int declared in io.oliverj.skafold.data.AutonData.<init>' type=kotlin.Int origin=null
        then: CALL 'public final fun throwMissingFieldException (seen: kotlin.Int, goldenMask: kotlin.Int, descriptor: kotlinx.serialization.descriptors.SerialDescriptor): kotlin.Unit declared in kotlinx.serialization.internal.PluginExceptionsKt' type=kotlin.Unit origin=null
          seen: GET_VAR 'seen0: kotlin.Int declared in io.oliverj.skafold.data.AutonData.<init>' type=kotlin.Int origin=null
          goldenMask: CONST Int type=kotlin.Int value=1
          descriptor: CALL 'public final fun <get-descriptor> (): kotlinx.serialization.descriptors.SerialDescriptor declared in io.oliverj.skafold.data.AutonData.$serializer' type=kotlinx.serialization.descriptors.SerialDescriptor origin=GET_PROPERTY
            $this: GET_FIELD 'FIELD FIELD_FOR_OBJECT_INSTANCE name:INSTANCE type:io.oliverj.skafold.data.AutonData.$serializer visibility:public [final,static] declared in io.oliverj.skafold.data.AutonData.$serializer' type=io.oliverj.skafold.data.AutonData.$serializer origin=null
    DELEGATING_CONSTRUCTOR_CALL 'public constructor <init> (seen0: kotlin.Int, name: kotlin.String?, type: kotlin.reflect.KClass<out T of io.oliverj.skaffold.data.PageData>?, serializationConstructorMarker: kotlinx.serialization.internal.SerializationConstructorMarker?) declared in io.oliverj.skaffold.data.PageData'
      <T>: io.oliverj.skafold.data.AutonData
      seen0: GET_VAR 'seen0: kotlin.Int declared in io.oliverj.skafold.data.AutonData.<init>' type=kotlin.Int origin=null
      name: GET_VAR 'name: kotlin.String? declared in io.oliverj.skafold.data.AutonData.<init>' type=kotlin.String? origin=null
      type: GET_VAR 'serializationConstructorMarker: kotlinx.serialization.internal.SerializationConstructorMarker? declared in io.oliverj.skafold.data.AutonData.<init>' type=kotlinx.serialization.internal.SerializationConstructorMarker? origin=null
    WHEN type=kotlin.Unit origin=null
      BRANCH
        if: CALL 'public final fun EQEQ (arg0: kotlin.Any?, arg1: kotlin.Any?): kotlin.Boolean declared in kotlin.internal.ir' type=kotlin.Boolean origin=EQEQ
          arg0: CONST Int type=kotlin.Int value=0
          arg1: CALL 'public final fun and (other: kotlin.Int): kotlin.Int [infix] declared in kotlin.Int' type=kotlin.Int origin=null
            $this: GET_VAR 'seen0: kotlin.Int declared in io.oliverj.skafold.data.AutonData.<init>' type=kotlin.Int origin=null
            other: CONST Int type=kotlin.Int value=2
        then: SET_FIELD 'FIELD PROPERTY_BACKING_FIELD name:points type:kotlin.Int visibility:private' type=kotlin.Unit origin=null
          receiver: GET_VAR '<this>: io.oliverj.skafold.data.AutonData declared in io.oliverj.skafold.data.AutonData' type=io.oliverj.skafold.data.AutonData origin=null
          value: CONST Int type=kotlin.Int value=0
      BRANCH
        if: CONST Boolean type=kotlin.Boolean value=true
        then: SET_FIELD 'FIELD PROPERTY_BACKING_FIELD name:points type:kotlin.Int visibility:private' type=kotlin.Unit origin=null
          receiver: GET_VAR '<this>: io.oliverj.skafold.data.AutonData declared in io.oliverj.skafold.data.AutonData' type=io.oliverj.skafold.data.AutonData origin=null
          value: GET_VAR 'points: kotlin.Int declared in io.oliverj.skafold.data.AutonData.<init>' type=kotlin.Int origin=null

	at org.jetbrains.kotlin.backend.jvm.codegen.FunctionCodegen.generate(FunctionCodegen.kt:47)
	at org.jetbrains.kotlin.backend.jvm.codegen.FunctionCodegen.generate$default(FunctionCodegen.kt:40)
	at org.jetbrains.kotlin.backend.jvm.codegen.ClassCodegen.generateMethodNode(ClassCodegen.kt:406)
	at org.jetbrains.kotlin.backend.jvm.codegen.ClassCodegen.generateMethod(ClassCodegen.kt:423)
	at org.jetbrains.kotlin.backend.jvm.codegen.ClassCodegen.generate(ClassCodegen.kt:168)
	at org.jetbrains.kotlin.backend.jvm.FileCodegen.lower(JvmPhases.kt:39)
	at org.jetbrains.kotlin.backend.common.phaser.PhaseFactoriesKt.createFilePhase$lambda$4(PhaseFactories.kt:71)
	at org.jetbrains.kotlin.backend.common.phaser.PhaseBuildersKt$createSimpleNamedCompilerPhase$1.phaseBody(PhaseBuilders.kt:69)
	at org.jetbrains.kotlin.backend.common.phaser.SimpleNamedCompilerPhase.phaseBody(CompilerPhase.kt:226)
	at org.jetbrains.kotlin.backend.common.phaser.AbstractNamedCompilerPhase.invoke(CompilerPhase.kt:113)
	at org.jetbrains.kotlin.backend.common.phaser.PerformByIrFilePhase.invokeSequential(performByIrFile.kt:62)
	... 44 more
Caused by: java.lang.IllegalStateException: Null argument in ExpressionCodegen for parameter VALUE_PARAMETER name:serializationConstructorMarker index:3 type:kotlinx.serialization.internal.SerializationConstructorMarker?
	at org.jetbrains.kotlin.backend.jvm.codegen.ExpressionCodegen.generateConstructorArguments(ExpressionCodegen.kt:770)
	at org.jetbrains.kotlin.backend.jvm.codegen.ExpressionCodegen.visitDelegatingConstructorCall(ExpressionCodegen.kt:736)
	at org.jetbrains.kotlin.backend.jvm.codegen.ExpressionCodegen.visitDelegatingConstructorCall(ExpressionCodegen.kt:138)
	at org.jetbrains.kotlin.ir.expressions.IrDelegatingConstructorCall.accept(IrDelegatingConstructorCall.kt:21)
	at org.jetbrains.kotlin.backend.jvm.codegen.ExpressionCodegen.visitStatementContainer(ExpressionCodegen.kt:579)
	at org.jetbrains.kotlin.backend.jvm.codegen.ExpressionCodegen.visitBlockBody(ExpressionCodegen.kt:584)
	at org.jetbrains.kotlin.backend.jvm.codegen.ExpressionCodegen.visitBlockBody(ExpressionCodegen.kt:138)
	at org.jetbrains.kotlin.ir.expressions.IrBlockBody.accept(IrBlockBody.kt:20)
	at org.jetbrains.kotlin.backend.jvm.codegen.ExpressionCodegen.generate(ExpressionCodegen.kt:240)
	at org.jetbrains.kotlin.backend.jvm.codegen.FunctionCodegen.doGenerate(FunctionCodegen.kt:123)
	at org.jetbrains.kotlin.backend.jvm.codegen.FunctionCodegen.generate(FunctionCodegen.kt:44)
	... 54 more


